<?xml version="1.0" encoding="utf-8"?><testsuites name="pytest tests"><testsuite name="pytest" errors="0" failures="0" skipped="0" tests="13" time="4.808" timestamp="2026-04-24T06:38:11.499951+00:00" hostname="agent-env-1665b822-e8c8-495e-b58c-714f3e2637fc"><testcase classname="backend.tests.test_recipe_import" name="test_preview_url_lidl" time="1.275" /><testcase classname="backend.tests.test_recipe_import" name="test_preview_url_invalid_scheme" time="0.102" /><testcase classname="backend.tests.test_recipe_import" name="test_preview_url_unsupported_domain" time="0.105" /><testcase classname="backend.tests.test_recipe_import" name="test_import_url_idempotent" time="1.089" /><testcase classname="backend.tests.test_recipe_import" name="test_import_url_invalid_scheme" time="0.101" /><testcase classname="backend.tests.test_recipe_import" name="test_import_url_unsupported_domain" time="0.100" /><testcase classname="backend.tests.test_recipe_import" name="test_external_refresh_admin" time="0.696" /><testcase classname="backend.tests.test_recipe_import" name="test_external_refresh_forbidden_for_non_admin" time="0.641" /><testcase classname="backend.tests.test_recipe_import" name="test_external_search_toblerone" time="0.106" /><testcase classname="backend.tests.test_recipe_import" name="test_external_search_empty_q" time="0.138" /><testcase classname="backend.tests.test_recipe_import" name="test_external_status" time="0.111" /><testcase classname="backend.tests.test_recipe_import" name="test_no_collision_external_search_vs_recipe_id" time="0.106" /><testcase classname="backend.tests.test_recipe_import" name="test_no_collision_external_status_vs_recipe_id" time="0.107" /></testsuite></testsuites>