<?xml version="1.0" encoding="utf-8"?><testsuites name="pytest tests"><testsuite name="pytest" errors="0" failures="0" skipped="0" tests="31" time="9.672" timestamp="2026-04-24T06:38:21.414770+00:00" hostname="agent-env-1665b822-e8c8-495e-b58c-714f3e2637fc"><testcase classname="backend.tests.test_cookpilot_api" name="test_health" time="0.115" /><testcase classname="backend.tests.test_cookpilot_api" name="test_auth_me" time="0.437" /><testcase classname="backend.tests.test_cookpilot_api" name="test_auth_missing_token_401" time="0.107" /><testcase classname="backend.tests.test_cookpilot_api" name="test_auth_invalid_login" time="0.327" /><testcase classname="backend.tests.test_cookpilot_api" name="test_recipes_crud" time="0.721" /><testcase classname="backend.tests.test_cookpilot_api" name="test_shopping_flow" time="0.748" /><testcase classname="backend.tests.test_cookpilot_api" name="test_shopping_from_recipe" time="0.310" /><testcase classname="backend.tests.test_cookpilot_api" name="test_pantry_flow" time="0.618" /><testcase classname="backend.tests.test_cookpilot_api" name="test_invites_and_accept" time="0.664" /><testcase classname="backend.tests.test_cookpilot_api" name="test_users_admin_only" time="0.101" /><testcase classname="backend.tests.test_cookpilot_api" name="test_users_forbidden_for_non_admin" time="0.534" /><testcase classname="backend.tests.test_cookpilot_api" name="test_settings_flow" time="0.204" /><testcase classname="backend.tests.test_cookpilot_api" name="test_widgets" time="0.431" /><testcase classname="backend.tests.test_cookpilot_api" name="test_aria_sso_and_aggregate" time="0.708" /><testcase classname="backend.tests.test_cookpilot_api" name="test_chat_without_api_key" time="0.323" /><testcase classname="backend.tests.test_cookpilot_api" name="test_receipt_upload" time="0.217" /><testcase classname="backend.tests.test_cookpilot_api" name="test_purchases_crud" time="0.221" /><testcase classname="backend.tests.test_vision" name="test_scan_products_requires_auth" time="0.103" /><testcase classname="backend.tests.test_vision" name="test_parse_receipt_requires_auth" time="0.102" /><testcase classname="backend.tests.test_vision" name="test_apply_scan_requires_auth" time="0.143" /><testcase classname="backend.tests.test_vision" name="test_apply_receipt_requires_auth" time="0.106" /><testcase classname="backend.tests.test_vision" name="test_settings_has_vision_model" time="0.426" /><testcase classname="backend.tests.test_vision" name="test_settings_update_vision_model_persists" time="0.304" /><testcase classname="backend.tests.test_vision" name="test_scan_products_empty_files_400" time="0.099" /><testcase classname="backend.tests.test_vision" name="test_scan_products_too_many_files_400" time="0.100" /><testcase classname="backend.tests.test_vision" name="test_scan_products_unsupported_type_400" time="0.097" /><testcase classname="backend.tests.test_vision" name="test_scan_products_503_without_openai_key" time="0.104" /><testcase classname="backend.tests.test_vision" name="test_parse_receipt_unsupported_type_400" time="0.099" /><testcase classname="backend.tests.test_vision" name="test_parse_receipt_503_without_openai_key" time="0.105" /><testcase classname="backend.tests.test_vision" name="test_apply_scan_ticks_shopping_and_adds_pantry" time="0.393" /><testcase classname="backend.tests.test_vision" name="test_apply_receipt_persists_purchases_and_ticks_shopping" time="0.630" /></testsuite></testsuites>