<?xml version="1.0" encoding="utf-8"?><testsuites name="pytest tests"><testsuite name="pytest" errors="0" failures="1" skipped="0" tests="14" time="3.098" timestamp="2026-04-24T04:46:21.777618+00:00" hostname="agent-env-1665b822-e8c8-495e-b58c-714f3e2637fc"><testcase classname="backend.tests.test_vision" name="test_scan_products_requires_auth" time="0.237" /><testcase classname="backend.tests.test_vision" name="test_parse_receipt_requires_auth" time="0.138" /><testcase classname="backend.tests.test_vision" name="test_apply_scan_requires_auth" time="0.143" /><testcase classname="backend.tests.test_vision" name="test_apply_receipt_requires_auth" time="0.102" /><testcase classname="backend.tests.test_vision" name="test_settings_has_vision_model" time="0.430" /><testcase classname="backend.tests.test_vision" name="test_settings_update_vision_model_persists" time="0.323" /><testcase classname="backend.tests.test_vision" name="test_scan_products_empty_files_400" time="0.141" /><testcase classname="backend.tests.test_vision" name="test_scan_products_too_many_files_400" time="0.145" /><testcase classname="backend.tests.test_vision" name="test_scan_products_unsupported_type_400" time="0.100" /><testcase classname="backend.tests.test_vision" name="test_scan_products_503_without_openai_key" time="0.130" /><testcase classname="backend.tests.test_vision" name="test_parse_receipt_unsupported_type_400" time="0.158" /><testcase classname="backend.tests.test_vision" name="test_parse_receipt_503_without_openai_key" time="0.104" /><testcase classname="backend.tests.test_vision" name="test_apply_scan_ticks_shopping_and_adds_pantry" time="0.416" /><testcase classname="backend.tests.test_vision" name="test_apply_receipt_persists_purchases_and_ticks_shopping" time="0.412"><failure message="AssertionError: []&#10;assert False&#10; +  where False = any(&lt;generator object test_apply_receipt_persists_purchases_and_ticks_shopping.&lt;locals&gt;.&lt;genexpr&gt; at 0xf86f48b5d0e0&gt;)">backend/tests/test_vision.py:219: in test_apply_receipt_persists_purchases_and_ticks_shopping
    assert any(p.get("product_name") == pname for p in rows), rows
E   AssertionError: []
E   assert False
E    +  where False = any(&lt;generator object test_apply_receipt_persists_purchases_and_ticks_shopping.&lt;locals&gt;.&lt;genexpr&gt; at 0xf86f48b5d0e0&gt;)</failure></testcase></testsuite></testsuites>