<?xml version="1.0" encoding="utf-8"?><testsuites name="pytest tests"><testsuite name="pytest" errors="0" failures="0" skipped="0" tests="13" time="5.666" timestamp="2026-04-24T07:09:43.261227+00:00" hostname="agent-env-1665b822-e8c8-495e-b58c-714f3e2637fc"><testcase classname="backend.tests.test_lidl_kochen" name="test_iso_duration_pt30m" time="0.000" /><testcase classname="backend.tests.test_lidl_kochen" name="test_iso_duration_pt1h15m" time="0.000" /><testcase classname="backend.tests.test_lidl_kochen" name="test_iso_duration_invalid_returns_none" time="0.000" /><testcase classname="backend.tests.test_lidl_kochen" name="test_ingredient_parser_amount_unit_name" time="0.000" /><testcase classname="backend.tests.test_lidl_kochen" name="test_ingredient_parser_comma_decimal" time="0.000" /><testcase classname="backend.tests.test_lidl_kochen" name="test_ingredient_parser_no_amount" time="0.000" /><testcase classname="backend.tests.test_lidl_kochen" name="test_generic_jsonld_no_recipe_raises" time="0.104" /><testcase classname="backend.tests.test_lidl_kochen" name="test_import_url_lidl_kochen" time="3.926" /><testcase classname="backend.tests.test_lidl_kochen" name="test_live_search_lasagne" time="0.525" /><testcase classname="backend.tests.test_lidl_kochen" name="test_live_search_missing_q" time="0.110" /><testcase classname="backend.tests.test_lidl_kochen" name="test_live_search_unknown_source" time="0.155" /><testcase classname="backend.tests.test_lidl_kochen" name="test_combined_external_search_lasagne" time="0.506" /><testcase classname="backend.tests.test_lidl_kochen" name="test_import_url_generic_jsonld_fails_on_non_recipe" time="0.210" /></testsuite></testsuites>