<?xml version="1.0" encoding="utf-8"?><testsuites name="pytest tests"><testsuite name="pytest" errors="0" failures="0" skipped="0" tests="16" time="6.237" timestamp="2026-04-26T07:01:45.247979+00:00" hostname="agent-env-1665b822-e8c8-495e-b58c-714f3e2637fc"><testcase classname="backend.tests.test_meal_plan.TestMealPlanCRUD" name="test_get_empty_range" time="0.634" /><testcase classname="backend.tests.test_meal_plan.TestMealPlanCRUD" name="test_create_with_recipe_and_persist" time="0.481" /><testcase classname="backend.tests.test_meal_plan.TestMealPlanCRUD" name="test_create_unknown_recipe_404" time="0.104" /><testcase classname="backend.tests.test_meal_plan.TestMealPlanCRUD" name="test_create_custom_title_no_recipe" time="0.313" /><testcase classname="backend.tests.test_meal_plan.TestMealPlanCRUD" name="test_invalid_meal_type_422" time="0.145" /><testcase classname="backend.tests.test_meal_plan.TestMealPlanCRUD" name="test_patch_entry" time="0.414" /><testcase classname="backend.tests.test_meal_plan.TestMealPlanCRUD" name="test_delete_entry_and_404" time="0.334" /><testcase classname="backend.tests.test_meal_plan.TestMealPlanCRUD" name="test_unauthorized_no_token" time="0.100" /><testcase classname="backend.tests.test_meal_plan.TestGenerateShoppingList" name="test_no_entries_returns_zero" time="0.112" /><testcase classname="backend.tests.test_meal_plan.TestGenerateShoppingList" name="test_aggregates_with_servings_scaling" time="2.417" /><testcase classname="backend.tests.test_meal_plan.TestSuggestions" name="test_suggestions_503_without_openai_key" time="0.334" /><testcase classname="backend.tests.test_meal_plan.TestSuggestions" name="test_suggestions_no_recipes_short_circuits" time="0.100" /><testcase classname="backend.tests.test_meal_plan.TestRegression" name="test_recipes_list" time="0.102" /><testcase classname="backend.tests.test_meal_plan.TestRegression" name="test_shopping_list" time="0.103" /><testcase classname="backend.tests.test_meal_plan.TestRegression" name="test_pantry_list" time="0.104" /><testcase classname="backend.tests.test_meal_plan.TestRegression" name="test_external_status" time="0.229" /></testsuite></testsuites>