<?xml version="1.0" encoding="utf-8"?><testsuites name="pytest tests"><testsuite name="pytest" errors="0" failures="1" skipped="0" tests="17" time="7.290" timestamp="2026-04-24T04:08:19.807956+00:00" hostname="agent-env-1665b822-e8c8-495e-b58c-714f3e2637fc"><testcase classname="backend.tests.test_cookpilot_api" name="test_health" time="0.277" /><testcase classname="backend.tests.test_cookpilot_api" name="test_auth_me" time="0.487" /><testcase classname="backend.tests.test_cookpilot_api" name="test_auth_missing_token_401" time="0.100" /><testcase classname="backend.tests.test_cookpilot_api" name="test_auth_invalid_login" time="0.362" /><testcase classname="backend.tests.test_cookpilot_api" name="test_recipes_crud" time="0.840" /><testcase classname="backend.tests.test_cookpilot_api" name="test_shopping_flow" time="0.846" /><testcase classname="backend.tests.test_cookpilot_api" name="test_shopping_from_recipe" time="0.377" /><testcase classname="backend.tests.test_cookpilot_api" name="test_pantry_flow" time="0.673" /><testcase classname="backend.tests.test_cookpilot_api" name="test_invites_and_accept" time="0.225"><failure message="AssertionError: assert 'test_invite_...okpilot.local' == 'TEST_invite_...okpilot.local'&#10;  &#10;  - TEST_invite_44951d@cookpilot.local&#10;  ? ^^^^&#10;  + test_invite_44951d@cookpilot.local&#10;  ? ^^^^">backend/tests/test_cookpilot_api.py:186: in test_invites_and_accept
    assert r.json().get("email") == email
E   AssertionError: assert 'test_invite_...okpilot.local' == 'TEST_invite_...okpilot.local'
E     
E     - TEST_invite_44951d@cookpilot.local
E     ? ^^^^
E     + test_invite_44951d@cookpilot.local
E     ? ^^^^</failure></testcase><testcase classname="backend.tests.test_cookpilot_api" name="test_users_admin_only" time="0.102" /><testcase classname="backend.tests.test_cookpilot_api" name="test_users_forbidden_for_non_admin" time="0.584" /><testcase classname="backend.tests.test_cookpilot_api" name="test_settings_flow" time="0.201" /><testcase classname="backend.tests.test_cookpilot_api" name="test_widgets" time="0.451" /><testcase classname="backend.tests.test_cookpilot_api" name="test_aria_sso_and_aggregate" time="0.748" /><testcase classname="backend.tests.test_cookpilot_api" name="test_chat_without_api_key" time="0.340" /><testcase classname="backend.tests.test_cookpilot_api" name="test_receipt_upload" time="0.228" /><testcase classname="backend.tests.test_cookpilot_api" name="test_purchases_crud" time="0.224" /></testsuite></testsuites>