<?xml version="1.0" encoding="utf-8"?><testsuites name="pytest tests"><testsuite name="pytest" errors="0" failures="0" skipped="0" tests="73" time="76.497" timestamp="2026-04-26T07:01:56.082552+00:00" hostname="agent-env-1665b822-e8c8-495e-b58c-714f3e2637fc"><testcase classname="backend.tests.test_cookpilot_api" name="test_health" time="0.131" /><testcase classname="backend.tests.test_cookpilot_api" name="test_auth_me" time="0.427" /><testcase classname="backend.tests.test_cookpilot_api" name="test_auth_missing_token_401" time="0.114" /><testcase classname="backend.tests.test_cookpilot_api" name="test_auth_invalid_login" time="0.343" /><testcase classname="backend.tests.test_cookpilot_api" name="test_recipes_crud" time="0.741" /><testcase classname="backend.tests.test_cookpilot_api" name="test_shopping_flow" time="0.713" /><testcase classname="backend.tests.test_cookpilot_api" name="test_shopping_from_recipe" time="0.315" /><testcase classname="backend.tests.test_cookpilot_api" name="test_pantry_flow" time="0.668" /><testcase classname="backend.tests.test_cookpilot_api" name="test_invites_and_accept" time="0.724" /><testcase classname="backend.tests.test_cookpilot_api" name="test_users_admin_only" time="0.106" /><testcase classname="backend.tests.test_cookpilot_api" name="test_users_forbidden_for_non_admin" time="0.529" /><testcase classname="backend.tests.test_cookpilot_api" name="test_settings_flow" time="0.228" /><testcase classname="backend.tests.test_cookpilot_api" name="test_widgets" time="0.446" /><testcase classname="backend.tests.test_cookpilot_api" name="test_aria_sso_and_aggregate" time="0.747" /><testcase classname="backend.tests.test_cookpilot_api" name="test_chat_without_api_key" time="0.345" /><testcase classname="backend.tests.test_cookpilot_api" name="test_receipt_upload" time="0.232" /><testcase classname="backend.tests.test_cookpilot_api" name="test_purchases_crud" time="0.212" /><testcase classname="backend.tests.test_lidl_kochen" name="test_iso_duration_pt30m" time="0.000" /><testcase classname="backend.tests.test_lidl_kochen" name="test_iso_duration_pt1h15m" time="0.000" /><testcase classname="backend.tests.test_lidl_kochen" name="test_iso_duration_invalid_returns_none" time="0.000" /><testcase classname="backend.tests.test_lidl_kochen" name="test_ingredient_parser_amount_unit_name" time="0.000" /><testcase classname="backend.tests.test_lidl_kochen" name="test_ingredient_parser_comma_decimal" time="0.000" /><testcase classname="backend.tests.test_lidl_kochen" name="test_ingredient_parser_no_amount" time="0.000" /><testcase classname="backend.tests.test_lidl_kochen" name="test_generic_jsonld_no_recipe_raises" time="0.174" /><testcase classname="backend.tests.test_lidl_kochen" name="test_import_url_lidl_kochen" time="43.733" /><testcase classname="backend.tests.test_lidl_kochen" name="test_live_search_lasagne" time="0.773" /><testcase classname="backend.tests.test_lidl_kochen" name="test_live_search_missing_q" time="0.113" /><testcase classname="backend.tests.test_lidl_kochen" name="test_live_search_unknown_source" time="0.141" /><testcase classname="backend.tests.test_lidl_kochen" name="test_combined_external_search_lasagne" time="0.505" /><testcase classname="backend.tests.test_lidl_kochen" name="test_import_url_generic_jsonld_fails_on_non_recipe" time="0.221" /><testcase classname="backend.tests.test_meal_plan.TestMealPlanCRUD" name="test_get_empty_range" time="0.446" /><testcase classname="backend.tests.test_meal_plan.TestMealPlanCRUD" name="test_create_with_recipe_and_persist" time="0.451" /><testcase classname="backend.tests.test_meal_plan.TestMealPlanCRUD" name="test_create_unknown_recipe_404" time="0.106" /><testcase classname="backend.tests.test_meal_plan.TestMealPlanCRUD" name="test_create_custom_title_no_recipe" time="0.316" /><testcase classname="backend.tests.test_meal_plan.TestMealPlanCRUD" name="test_invalid_meal_type_422" time="0.106" /><testcase classname="backend.tests.test_meal_plan.TestMealPlanCRUD" name="test_patch_entry" time="0.432" /><testcase classname="backend.tests.test_meal_plan.TestMealPlanCRUD" name="test_delete_entry_and_404" time="0.313" /><testcase classname="backend.tests.test_meal_plan.TestMealPlanCRUD" name="test_unauthorized_no_token" time="0.098" /><testcase classname="backend.tests.test_meal_plan.TestGenerateShoppingList" name="test_no_entries_returns_zero" time="0.103" /><testcase classname="backend.tests.test_meal_plan.TestGenerateShoppingList" name="test_aggregates_with_servings_scaling" time="1.403" /><testcase classname="backend.tests.test_meal_plan.TestSuggestions" name="test_suggestions_503_without_openai_key" time="0.325" /><testcase classname="backend.tests.test_meal_plan.TestSuggestions" name="test_suggestions_no_recipes_short_circuits" time="0.113" /><testcase classname="backend.tests.test_meal_plan.TestRegression" name="test_recipes_list" time="0.108" /><testcase classname="backend.tests.test_meal_plan.TestRegression" name="test_shopping_list" time="0.102" /><testcase classname="backend.tests.test_meal_plan.TestRegression" name="test_pantry_list" time="0.102" /><testcase classname="backend.tests.test_meal_plan.TestRegression" name="test_external_status" time="0.209" /><testcase classname="backend.tests.test_recipe_import" name="test_preview_url_lidl" time="12.110" /><testcase classname="backend.tests.test_recipe_import" name="test_preview_url_invalid_scheme" time="0.145" /><testcase classname="backend.tests.test_recipe_import" name="test_preview_url_unsupported_domain" time="0.197" /><testcase classname="backend.tests.test_recipe_import" name="test_import_url_idempotent" time="0.978" /><testcase classname="backend.tests.test_recipe_import" name="test_import_url_invalid_scheme" time="0.115" /><testcase classname="backend.tests.test_recipe_import" name="test_import_url_unsupported_domain" time="0.175" /><testcase classname="backend.tests.test_recipe_import" name="test_external_refresh_admin" time="0.590" /><testcase classname="backend.tests.test_recipe_import" name="test_external_refresh_forbidden_for_non_admin" time="0.594" /><testcase classname="backend.tests.test_recipe_import" name="test_external_search_toblerone" time="0.472" /><testcase classname="backend.tests.test_recipe_import" name="test_external_search_empty_q" time="0.106" /><testcase classname="backend.tests.test_recipe_import" name="test_external_status" time="0.119" /><testcase classname="backend.tests.test_recipe_import" name="test_no_collision_external_search_vs_recipe_id" time="0.096" /><testcase classname="backend.tests.test_recipe_import" name="test_no_collision_external_status_vs_recipe_id" time="0.107" /><testcase classname="backend.tests.test_vision" name="test_scan_products_requires_auth" time="0.103" /><testcase classname="backend.tests.test_vision" name="test_parse_receipt_requires_auth" time="0.101" /><testcase classname="backend.tests.test_vision" name="test_apply_scan_requires_auth" time="0.102" /><testcase classname="backend.tests.test_vision" name="test_apply_receipt_requires_auth" time="0.131" /><testcase classname="backend.tests.test_vision" name="test_settings_has_vision_model" time="0.441" /><testcase classname="backend.tests.test_vision" name="test_settings_update_vision_model_persists" time="0.319" /><testcase classname="backend.tests.test_vision" name="test_scan_products_empty_files_400" time="0.174" /><testcase classname="backend.tests.test_vision" name="test_scan_products_too_many_files_400" time="0.135" /><testcase classname="backend.tests.test_vision" name="test_scan_products_unsupported_type_400" time="0.117" /><testcase classname="backend.tests.test_vision" name="test_scan_products_503_without_openai_key" time="0.107" /><testcase classname="backend.tests.test_vision" name="test_parse_receipt_unsupported_type_400" time="0.101" /><testcase classname="backend.tests.test_vision" name="test_parse_receipt_503_without_openai_key" time="0.126" /><testcase classname="backend.tests.test_vision" name="test_apply_scan_ticks_shopping_and_adds_pantry" time="0.439" /><testcase classname="backend.tests.test_vision" name="test_apply_receipt_persists_purchases_and_ticks_shopping" time="0.711" /></testsuite></testsuites>