<?xml version="1.0" encoding="utf-8"?><testsuites name="pytest tests"><testsuite name="pytest" errors="0" failures="0" skipped="0" tests="57" time="56.282" timestamp="2026-04-24T07:10:32.907328+00:00" hostname="agent-env-1665b822-e8c8-495e-b58c-714f3e2637fc"><testcase classname="backend.tests.test_cookpilot_api" name="test_health" time="35.977" /><testcase classname="backend.tests.test_cookpilot_api" name="test_auth_me" time="0.489" /><testcase classname="backend.tests.test_cookpilot_api" name="test_auth_missing_token_401" time="0.112" /><testcase classname="backend.tests.test_cookpilot_api" name="test_auth_invalid_login" time="0.323" /><testcase classname="backend.tests.test_cookpilot_api" name="test_recipes_crud" time="0.716" /><testcase classname="backend.tests.test_cookpilot_api" name="test_shopping_flow" time="0.737" /><testcase classname="backend.tests.test_cookpilot_api" name="test_shopping_from_recipe" time="0.311" /><testcase classname="backend.tests.test_cookpilot_api" name="test_pantry_flow" time="0.610" /><testcase classname="backend.tests.test_cookpilot_api" name="test_invites_and_accept" time="0.667" /><testcase classname="backend.tests.test_cookpilot_api" name="test_users_admin_only" time="0.097" /><testcase classname="backend.tests.test_cookpilot_api" name="test_users_forbidden_for_non_admin" time="0.536" /><testcase classname="backend.tests.test_cookpilot_api" name="test_settings_flow" time="0.227" /><testcase classname="backend.tests.test_cookpilot_api" name="test_widgets" time="0.462" /><testcase classname="backend.tests.test_cookpilot_api" name="test_aria_sso_and_aggregate" time="0.744" /><testcase classname="backend.tests.test_cookpilot_api" name="test_chat_without_api_key" time="0.328" /><testcase classname="backend.tests.test_cookpilot_api" name="test_receipt_upload" time="0.206" /><testcase classname="backend.tests.test_cookpilot_api" name="test_purchases_crud" time="0.202" /><testcase classname="backend.tests.test_lidl_kochen" name="test_iso_duration_pt30m" time="0.000" /><testcase classname="backend.tests.test_lidl_kochen" name="test_iso_duration_pt1h15m" time="0.000" /><testcase classname="backend.tests.test_lidl_kochen" name="test_iso_duration_invalid_returns_none" time="0.000" /><testcase classname="backend.tests.test_lidl_kochen" name="test_ingredient_parser_amount_unit_name" time="0.000" /><testcase classname="backend.tests.test_lidl_kochen" name="test_ingredient_parser_comma_decimal" time="0.000" /><testcase classname="backend.tests.test_lidl_kochen" name="test_ingredient_parser_no_amount" time="0.000" /><testcase classname="backend.tests.test_lidl_kochen" name="test_generic_jsonld_no_recipe_raises" time="0.109" /><testcase classname="backend.tests.test_lidl_kochen" name="test_import_url_lidl_kochen" time="4.269" /><testcase classname="backend.tests.test_lidl_kochen" name="test_live_search_lasagne" time="0.586" /><testcase classname="backend.tests.test_lidl_kochen" name="test_live_search_missing_q" time="0.106" /><testcase classname="backend.tests.test_lidl_kochen" name="test_live_search_unknown_source" time="0.094" /><testcase classname="backend.tests.test_lidl_kochen" name="test_combined_external_search_lasagne" time="0.503" /><testcase classname="backend.tests.test_lidl_kochen" name="test_import_url_generic_jsonld_fails_on_non_recipe" time="0.183" /><testcase classname="backend.tests.test_recipe_import" name="test_preview_url_lidl" time="0.851" /><testcase classname="backend.tests.test_recipe_import" name="test_preview_url_invalid_scheme" time="0.098" /><testcase classname="backend.tests.test_recipe_import" name="test_preview_url_unsupported_domain" time="0.168" /><testcase classname="backend.tests.test_recipe_import" name="test_import_url_idempotent" time="1.094" /><testcase classname="backend.tests.test_recipe_import" name="test_import_url_invalid_scheme" time="0.117" /><testcase classname="backend.tests.test_recipe_import" name="test_import_url_unsupported_domain" time="0.174" /><testcase classname="backend.tests.test_recipe_import" name="test_external_refresh_admin" time="0.830" /><testcase classname="backend.tests.test_recipe_import" name="test_external_refresh_forbidden_for_non_admin" time="0.586" /><testcase classname="backend.tests.test_recipe_import" name="test_external_search_toblerone" time="0.313" /><testcase classname="backend.tests.test_recipe_import" name="test_external_search_empty_q" time="0.121" /><testcase classname="backend.tests.test_recipe_import" name="test_external_status" time="0.097" /><testcase classname="backend.tests.test_recipe_import" name="test_no_collision_external_search_vs_recipe_id" time="0.097" /><testcase classname="backend.tests.test_recipe_import" name="test_no_collision_external_status_vs_recipe_id" time="0.104" /><testcase classname="backend.tests.test_vision" name="test_scan_products_requires_auth" time="0.105" /><testcase classname="backend.tests.test_vision" name="test_parse_receipt_requires_auth" time="0.100" /><testcase classname="backend.tests.test_vision" name="test_apply_scan_requires_auth" time="0.102" /><testcase classname="backend.tests.test_vision" name="test_apply_receipt_requires_auth" time="0.095" /><testcase classname="backend.tests.test_vision" name="test_settings_has_vision_model" time="0.428" /><testcase classname="backend.tests.test_vision" name="test_settings_update_vision_model_persists" time="0.316" /><testcase classname="backend.tests.test_vision" name="test_scan_products_empty_files_400" time="0.102" /><testcase classname="backend.tests.test_vision" name="test_scan_products_too_many_files_400" time="0.101" /><testcase classname="backend.tests.test_vision" name="test_scan_products_unsupported_type_400" time="0.098" /><testcase classname="backend.tests.test_vision" name="test_scan_products_503_without_openai_key" time="0.106" /><testcase classname="backend.tests.test_vision" name="test_parse_receipt_unsupported_type_400" time="0.103" /><testcase classname="backend.tests.test_vision" name="test_parse_receipt_503_without_openai_key" time="0.113" /><testcase classname="backend.tests.test_vision" name="test_apply_scan_ticks_shopping_and_adds_pantry" time="0.441" /><testcase classname="backend.tests.test_vision" name="test_apply_receipt_persists_purchases_and_ticks_shopping" time="0.665" /></testsuite></testsuites>